\BOOKMARK [1][-]{section.1}{Über …}{}% 1
\BOOKMARK [2][-]{subsection.1.1}{… dieses Heft}{section.1}% 2
\BOOKMARK [2][-]{subsection.1.2}{… uns}{section.1}% 3
\BOOKMARK [1][-]{section.2}{Computer\040und\040Internet}{}% 4
\BOOKMARK [2][-]{subsection.2.1}{Online-Dienste\040der\040LMU}{section.2}% 5
\BOOKMARK [2][-]{subsection.2.2}{E-Mail}{section.2}% 6
\BOOKMARK [2][-]{subsection.2.3}{CIP-Pools}{section.2}% 7
\BOOKMARK [2][-]{subsection.2.4}{Internet:\040WLAN,\040VPN\040und\040Eduroam}{section.2}% 8
\BOOKMARK [1][-]{section.3}{Vorlesungszeit}{}% 9
\BOOKMARK [2][-]{subsection.3.1}{Wie\040bastelt\040man\040einen\040Stundenplan?}{section.3}% 10
\BOOKMARK [2][-]{subsection.3.2}{Zusatz-Angebote}{section.3}% 11
\BOOKMARK [2][-]{subsection.3.3}{Zentraler\040Hochschulsport\040\(ZHS\)}{section.3}% 12
\BOOKMARK [2][-]{subsection.3.4}{Essen}{section.3}% 13
\BOOKMARK [1][-]{section.4}{Vorlesungsfreie\040Zeit}{}% 14
\BOOKMARK [2][-]{subsection.4.1}{Klausuren,\040Protokolle\040und\040Skripte}{section.4}% 15
\BOOKMARK [1][-]{section.5}{Bibliotheken}{}% 16
\BOOKMARK [2][-]{subsection.5.1}{Bücher}{section.5}% 17
\BOOKMARK [2][-]{subsection.5.2}{Recherche\040im\040OPAC}{section.5}% 18
\BOOKMARK [2][-]{subsection.5.3}{Verhalten\040in\040der\040Bibliothek}{section.5}% 19
\BOOKMARK [2][-]{subsection.5.4}{Ausleihe}{section.5}% 20
\BOOKMARK [2][-]{subsection.5.5}{Die wichtigsten Bibliotheken für dich}{section.5}% 21
\BOOKMARK [1][-]{section.6}{Café Gumbel}{}% 22
\BOOKMARK [1][-]{section.7}{Hilfe\040und\040Beratung}{}% 23
\BOOKMARK [2][-]{subsection.7.1}{Erste\040Hilfe:\040GAF}{section.7}% 24
\BOOKMARK [2][-]{subsection.7.2}{Probleme\040mit\040Lehrveranstaltungen\040oder\040Lehrpersonal}{section.7}% 25
\BOOKMARK [2][-]{subsection.7.3}{Webforen}{section.7}% 26
\BOOKMARK [2][-]{subsection.7.4}{Ansprechpartner}{section.7}% 27
\BOOKMARK [2][-]{subsection.7.5}{Prüfungsamt}{section.7}% 28
\BOOKMARK [2][-]{subsection.7.6}{Studentenkanzlei}{section.7}% 29
\BOOKMARK [2][-]{subsection.7.7}{Gleichstellungsbeauftragte}{section.7}% 30
\BOOKMARK [2][-]{subsection.7.8}{Frauenbeauftragte der Fakultäten}{section.7}% 31
\BOOKMARK [2][-]{subsection.7.9}{Studieren\040mit\040Kind}{section.7}% 32
\BOOKMARK [2][-]{subsection.7.10}{Studieren\040mit\040Behinderung}{section.7}% 33
\BOOKMARK [2][-]{subsection.7.11}{Kirchliche\040Beratung}{section.7}% 34
\BOOKMARK [2][-]{subsection.7.12}{Psychosoziale\040Beratung}{section.7}% 35
\BOOKMARK [2][-]{subsection.7.13}{Sonstige\040Beratung\040des\040Studentenwerks}{section.7}% 36
\BOOKMARK [1][-]{section.8}{Ausland\040und\040Praktika}{}% 37
\BOOKMARK [2][-]{subsection.8.1}{Auslandsstudium}{section.8}% 38
\BOOKMARK [2][-]{subsection.8.2}{Praktikum\040im\040In-\040und\040Ausland}{section.8}% 39
\BOOKMARK [2][-]{subsection.8.3}{Finanzierung}{section.8}% 40
\BOOKMARK [1][-]{section.9}{Geld}{}% 41
\BOOKMARK [2][-]{subsection.9.1}{Studienbeitrag}{section.9}% 42
\BOOKMARK [2][-]{subsection.9.2}{Jobben}{section.9}% 43
\BOOKMARK [2][-]{subsection.9.3}{BAföG}{section.9}% 44
\BOOKMARK [2][-]{subsection.9.4}{Stipendien}{section.9}% 45
\BOOKMARK [1][-]{section.10}{Krankenversicherung für Studenten}{}% 46
\BOOKMARK [1][-]{section.11}{Ankommen in München}{}% 47
\BOOKMARK [2][-]{subsection.11.1}{Ummeldung\040/\040Zweitwohnsitz}{section.11}% 48
\BOOKMARK [2][-]{subsection.11.2}{Mülltrennung}{section.11}% 49
\BOOKMARK [2][-]{subsection.11.3}{GEZ}{section.11}% 50
\BOOKMARK [2][-]{subsection.11.4}{Rundfunkbeitrag}{section.11}% 51
\BOOKMARK [2][-]{subsection.11.5}{Wohnen}{section.11}% 52
\BOOKMARK [1][-]{section.12}{Fortbewegung}{}% 53
\BOOKMARK [2][-]{subsection.12.1}{Fahrrad}{section.12}% 54
\BOOKMARK [2][-]{subsection.12.2}{MVV}{section.12}% 55
\BOOKMARK [2][-]{subsection.12.3}{Auto}{section.12}% 56
\BOOKMARK [1][-]{section.13}{Gebäudeübersichten}{}% 57
\BOOKMARK [2][-]{subsection.13.1}{Theresienstr. – Mathebau}{section.13}% 58
\BOOKMARK [2][-]{subsection.13.2}{Oettingenstraße – Erdgeschoss}{section.13}% 59
\BOOKMARK [2][-]{subsection.13.3}{Schellingstr. 4 – Physik}{section.13}% 60
\BOOKMARK [2][-]{subsection.13.4}{Hauptgebäude}{section.13}% 61
\BOOKMARK [1][-]{section.14}{Rätselseite}{}% 62
\BOOKMARK [1][-]{section.15}{Abkürzungen}{}% 63
